2023-04-11 14:09:53.853 INFO  c.e.h.Homework28SpringDataApplication - Starting Homework28SpringDataApplication using Java 18.0.2 with PID 5384 (D:\JAVA\projekt\spring_data_access_homework\homework_28_spring_data\target\classes started by Admin in D:\JAVA\projekt\spring_data_access_homework\homework_28_spring_data)
2023-04-11 14:09:53.879 INFO  c.e.h.Homework28SpringDataApplication - No active profile set, falling back to 1 default profile: "default"
2023-04-11 14:09:54.299 INFO  o.s.b.d.e.DevToolsPropertyDefaultsPostProcessor - Devtools property defaults active! Set 'spring.devtools.add-properties' to 'false' to disable
2023-04-11 14:09:54.299 INFO  o.s.b.d.e.DevToolsPropertyDefaultsPostProcessor - For additional web related logging consider setting the 'logging.level.web' property to 'DEBUG'
2023-04-11 14:09:56.751 INFO  o.s.d.r.c.RepositoryConfigurationDelegate - Bootstrapping Spring Data JPA repositories in DEFAULT mode.
2023-04-11 14:09:56.913 INFO  o.s.d.r.c.RepositoryConfigurationDelegate - Finished Spring Data repository scanning in 136 ms. Found 2 JPA repository interfaces.
2023-04-11 14:09:59.037 INFO  o.s.b.w.e.t.TomcatWebServer - Tomcat initialized with port(s): 8080 (http)
2023-04-11 14:09:59.091 INFO  o.a.c.c.StandardService - Starting service [Tomcat]
2023-04-11 14:09:59.091 INFO  o.a.c.c.StandardEngine - Starting Servlet engine: [Apache Tomcat/10.1.7]
2023-04-11 14:09:59.171 INFO  o.a.c.c.C.[.[.[/] - Initializing Spring embedded WebApplicationContext
2023-04-11 14:09:59.172 INFO  o.s.b.w.s.c.ServletWebServerApplicationContext - Root WebApplicationContext: initialization completed in 4872 ms
2023-04-11 14:09:59.788 INFO  o.h.j.i.u.LogHelper - HHH000204: Processing PersistenceUnitInfo [name: default]
2023-04-11 14:10:00.044 INFO  o.h.Version - HHH000412: Hibernate ORM core version 6.1.7.Final
2023-04-11 14:10:00.965 INFO  c.z.h.HikariDataSource - HikariPool-1 - Starting...
2023-04-11 14:10:01.487 INFO  c.z.h.p.HikariPool - HikariPool-1 - Added connection org.postgresql.jdbc.PgConnection@37c400fd
2023-04-11 14:10:01.493 INFO  c.z.h.HikariDataSource - HikariPool-1 - Start completed.
2023-04-11 14:10:01.577 INFO  SQL dialect - HHH000400: Using dialect: org.hibernate.dialect.PostgreSQLDialect
2023-04-11 14:10:03.962 WARN  o.h.e.j.s.SqlExceptionHelper - SQL Warning Code: 0, SQLState: 00000
2023-04-11 14:10:03.963 WARN  o.h.e.j.s.SqlExceptionHelper - відношення "products" не існує, пропускаємо
2023-04-11 14:10:03.964 WARN  o.h.e.j.s.SqlExceptionHelper - SQL Warning Code: 0, SQLState: 00000
2023-04-11 14:10:03.964 WARN  o.h.e.j.s.SqlExceptionHelper - таблиця "orders" не існує, пропускається
2023-04-11 14:10:03.964 WARN  o.h.e.j.s.SqlExceptionHelper - SQL Warning Code: 0, SQLState: 00000
2023-04-11 14:10:03.964 WARN  o.h.e.j.s.SqlExceptionHelper - таблиця "products" не існує, пропускається
2023-04-11 14:10:05.714 INFO  o.h.e.t.j.p.i.JtaPlatformInitiator - HHH000490: Using JtaPlatform implementation: [org.hibernate.engine.transaction.jta.platform.internal.NoJtaPlatform]
2023-04-11 14:10:05.784 INFO  o.s.o.j.LocalContainerEntityManagerFactoryBean - Initialized JPA EntityManagerFactory for persistence unit 'default'
2023-04-11 14:10:06.422 WARN  o.s.b.a.o.j.JpaBaseConfiguration$JpaWebConfiguration - spring.jpa.open-in-view is enabled by default. Therefore, database queries may be performed during view rendering. Explicitly configure spring.jpa.open-in-view to disable this warning
2023-04-11 14:10:07.137 INFO  o.s.b.d.a.OptionalLiveReloadServer - LiveReload server is running on port 35729
2023-04-11 14:10:07.260 INFO  o.s.b.w.e.t.TomcatWebServer - Tomcat started on port(s): 8080 (http) with context path ''
2023-04-11 14:10:07.271 INFO  c.e.h.Homework28SpringDataApplication - Started Homework28SpringDataApplication in 15.704 seconds (process running for 19.675)
2023-04-11 14:37:55.764 INFO  c.e.h.Homework28SpringDataApplication - Starting Homework28SpringDataApplication using Java 18.0.2 with PID 7540 (D:\JAVA\projekt\spring_data_access_homework\homework_28_spring_data\target\classes started by Admin in D:\JAVA\projekt\spring_data_access_homework\homework_28_spring_data)
2023-04-11 14:37:55.767 INFO  c.e.h.Homework28SpringDataApplication - No active profile set, falling back to 1 default profile: "default"
2023-04-11 14:37:55.831 INFO  o.s.b.d.e.DevToolsPropertyDefaultsPostProcessor - Devtools property defaults active! Set 'spring.devtools.add-properties' to 'false' to disable
2023-04-11 14:37:55.831 INFO  o.s.b.d.e.DevToolsPropertyDefaultsPostProcessor - For additional web related logging consider setting the 'logging.level.web' property to 'DEBUG'
2023-04-11 14:37:56.486 INFO  o.s.d.r.c.RepositoryConfigurationDelegate - Bootstrapping Spring Data JPA repositories in DEFAULT mode.
2023-04-11 14:37:56.564 INFO  o.s.d.r.c.RepositoryConfigurationDelegate - Finished Spring Data repository scanning in 70 ms. Found 2 JPA repository interfaces.
2023-04-11 14:37:57.154 INFO  o.s.b.w.e.t.TomcatWebServer - Tomcat initialized with port(s): 8080 (http)
2023-04-11 14:37:57.169 INFO  o.a.c.c.StandardService - Starting service [Tomcat]
2023-04-11 14:37:57.169 INFO  o.a.c.c.StandardEngine - Starting Servlet engine: [Apache Tomcat/10.1.7]
2023-04-11 14:37:57.262 INFO  o.a.c.c.C.[.[.[/] - Initializing Spring embedded WebApplicationContext
2023-04-11 14:37:57.263 INFO  o.s.b.w.s.c.ServletWebServerApplicationContext - Root WebApplicationContext: initialization completed in 1432 ms
2023-04-11 14:37:57.431 INFO  o.h.j.i.u.LogHelper - HHH000204: Processing PersistenceUnitInfo [name: default]
2023-04-11 14:37:57.478 INFO  o.h.Version - HHH000412: Hibernate ORM core version 6.1.7.Final
2023-04-11 14:37:57.752 INFO  c.z.h.HikariDataSource - HikariPool-1 - Starting...
2023-04-11 14:37:57.923 INFO  c.z.h.p.HikariPool - HikariPool-1 - Added connection org.postgresql.jdbc.PgConnection@4d527ba
2023-04-11 14:37:57.925 INFO  c.z.h.HikariDataSource - HikariPool-1 - Start completed.
2023-04-11 14:37:58.007 INFO  SQL dialect - HHH000400: Using dialect: org.hibernate.dialect.PostgreSQLDialect
2023-04-11 14:37:59.021 WARN  o.h.e.j.s.SqlExceptionHelper - SQL Warning Code: 0, SQLState: 00000
2023-04-11 14:37:59.022 WARN  o.h.e.j.s.SqlExceptionHelper - відношення "products" не існує, пропускаємо
2023-04-11 14:37:59.023 WARN  o.h.e.j.s.SqlExceptionHelper - SQL Warning Code: 0, SQLState: 00000
2023-04-11 14:37:59.023 WARN  o.h.e.j.s.SqlExceptionHelper - таблиця "orders" не існує, пропускається
2023-04-11 14:37:59.023 WARN  o.h.e.j.s.SqlExceptionHelper - SQL Warning Code: 0, SQLState: 00000
2023-04-11 14:37:59.024 WARN  o.h.e.j.s.SqlExceptionHelper - таблиця "products" не існує, пропускається
2023-04-11 14:37:59.230 INFO  o.h.e.t.j.p.i.JtaPlatformInitiator - HHH000490: Using JtaPlatform implementation: [org.hibernate.engine.transaction.jta.platform.internal.NoJtaPlatform]
2023-04-11 14:37:59.243 INFO  o.s.o.j.LocalContainerEntityManagerFactoryBean - Initialized JPA EntityManagerFactory for persistence unit 'default'
2023-04-11 14:37:59.622 WARN  o.s.b.w.s.c.AnnotationConfigServletWebServerApplicationContext - Exception encountered during context initialization - cancelling refresh attempt: org.springframework.beans.factory.BeanCreationException: Error creating bean with name 'orderController': Invocation of init method failed
2023-04-11 14:37:59.625 INFO  o.s.o.j.LocalContainerEntityManagerFactoryBean - Closing JPA EntityManagerFactory for persistence unit 'default'
2023-04-11 14:37:59.626 INFO  o.h.t.s.i.SchemaDropperImpl$DelayedDropActionImpl - HHH000477: Starting delayed evictData of schema as part of SessionFactory shut-down'
2023-04-11 14:37:59.683 INFO  c.z.h.HikariDataSource - HikariPool-1 - Shutdown initiated...
2023-04-11 14:37:59.706 INFO  c.z.h.HikariDataSource - HikariPool-1 - Shutdown completed.
2023-04-11 14:37:59.709 INFO  o.a.c.c.StandardService - Stopping service [Tomcat]
2023-04-11 14:37:59.728 INFO  o.s.b.a.l.ConditionEvaluationReportLogger - 

Error starting ApplicationContext. To display the condition evaluation report re-run your application with 'debug' enabled.
2023-04-11 14:37:59.817 ERROR o.s.b.SpringApplication - Application run failed
org.springframework.beans.factory.BeanCreationException: Error creating bean with name 'orderController': Invocation of init method failed
	at org.springframework.beans.factory.annotation.InitDestroyAnnotationBeanPostProcessor.postProcessBeforeInitialization(InitDestroyAnnotationBeanPostProcessor.java:196)
	at org.springframework.beans.factory.support.AbstractAutowireCapableBeanFactory.applyBeanPostProcessorsBeforeInitialization(AbstractAutowireCapableBeanFactory.java:419)
	at org.springframework.beans.factory.support.AbstractAutowireCapableBeanFactory.initializeBean(AbstractAutowireCapableBeanFactory.java:1762)
	at org.springframework.beans.factory.support.AbstractAutowireCapableBeanFactory.doCreateBean(AbstractAutowireCapableBeanFactory.java:598)
	at org.springframework.beans.factory.support.AbstractAutowireCapableBeanFactory.createBean(AbstractAutowireCapableBeanFactory.java:520)
	at org.springframework.beans.factory.support.AbstractBeanFactory.lambda$doGetBean$0(AbstractBeanFactory.java:326)
	at org.springframework.beans.factory.support.DefaultSingletonBeanRegistry.getSingleton(DefaultSingletonBeanRegistry.java:234)
	at org.springframework.beans.factory.support.AbstractBeanFactory.doGetBean(AbstractBeanFactory.java:324)
	at org.springframework.beans.factory.support.AbstractBeanFactory.getBean(AbstractBeanFactory.java:200)
	at org.springframework.beans.factory.support.DefaultListableBeanFactory.preInstantiateSingletons(DefaultListableBeanFactory.java:973)
	at org.springframework.context.support.AbstractApplicationContext.finishBeanFactoryInitialization(AbstractApplicationContext.java:917)
	at org.springframework.context.support.AbstractApplicationContext.refresh(AbstractApplicationContext.java:584)
	at org.springframework.boot.web.servlet.context.ServletWebServerApplicationContext.refresh(ServletWebServerApplicationContext.java:146)
	at org.springframework.boot.SpringApplication.refresh(SpringApplication.java:732)
	at org.springframework.boot.SpringApplication.refreshContext(SpringApplication.java:434)
	at org.springframework.boot.SpringApplication.run(SpringApplication.java:310)
	at org.springframework.boot.SpringApplication.run(SpringApplication.java:1304)
	at org.springframework.boot.SpringApplication.run(SpringApplication.java:1293)
	at com.example.homework_28_spring_data.Homework28SpringDataApplication.main(Homework28SpringDataApplication.java:10)
	at java.base/jdk.internal.reflect.DirectMethodHandleAccessor.invoke(DirectMethodHandleAccessor.java:104)
	at java.base/java.lang.reflect.Method.invoke(Method.java:577)
	at org.springframework.boot.devtools.restart.RestartLauncher.run(RestartLauncher.java:49)
Caused by: java.lang.IndexOutOfBoundsException: Index 6 out of bounds for length 6
	at java.base/jdk.internal.util.Preconditions.outOfBounds(Preconditions.java:100)
	at java.base/jdk.internal.util.Preconditions.outOfBoundsCheckIndex(Preconditions.java:106)
	at java.base/jdk.internal.util.Preconditions.checkIndex(Preconditions.java:302)
	at java.base/java.util.Objects.checkIndex(Objects.java:359)
	at java.base/java.util.ArrayList.get(ArrayList.java:427)
	at com.example.homework_28_spring_data.controllers.OrderController.initDate(OrderController.java:35)
	at java.base/jdk.internal.reflect.DirectMethodHandleAccessor.invoke(DirectMethodHandleAccessor.java:104)
	at java.base/java.lang.reflect.Method.invoke(Method.java:577)
	at org.springframework.beans.factory.annotation.InitDestroyAnnotationBeanPostProcessor$LifecycleElement.invoke(InitDestroyAnnotationBeanPostProcessor.java:425)
	at org.springframework.beans.factory.annotation.InitDestroyAnnotationBeanPostProcessor$LifecycleMetadata.invokeInitMethods(InitDestroyAnnotationBeanPostProcessor.java:369)
	at org.springframework.beans.factory.annotation.InitDestroyAnnotationBeanPostProcessor.postProcessBeforeInitialization(InitDestroyAnnotationBeanPostProcessor.java:193)
	... 21 common frames omitted
2023-04-11 14:38:56.057 INFO  c.e.h.Homework28SpringDataApplication - Starting Homework28SpringDataApplication using Java 18.0.2 with PID 7300 (D:\JAVA\projekt\spring_data_access_homework\homework_28_spring_data\target\classes started by Admin in D:\JAVA\projekt\spring_data_access_homework\homework_28_spring_data)
2023-04-11 14:38:56.059 INFO  c.e.h.Homework28SpringDataApplication - No active profile set, falling back to 1 default profile: "default"
2023-04-11 14:38:56.118 INFO  o.s.b.d.e.DevToolsPropertyDefaultsPostProcessor - Devtools property defaults active! Set 'spring.devtools.add-properties' to 'false' to disable
2023-04-11 14:38:56.119 INFO  o.s.b.d.e.DevToolsPropertyDefaultsPostProcessor - For additional web related logging consider setting the 'logging.level.web' property to 'DEBUG'
2023-04-11 14:38:56.785 INFO  o.s.d.r.c.RepositoryConfigurationDelegate - Bootstrapping Spring Data JPA repositories in DEFAULT mode.
2023-04-11 14:38:56.845 INFO  o.s.d.r.c.RepositoryConfigurationDelegate - Finished Spring Data repository scanning in 53 ms. Found 2 JPA repository interfaces.
2023-04-11 14:38:57.479 INFO  o.s.b.w.e.t.TomcatWebServer - Tomcat initialized with port(s): 8080 (http)
2023-04-11 14:38:57.491 INFO  o.a.c.c.StandardService - Starting service [Tomcat]
2023-04-11 14:38:57.491 INFO  o.a.c.c.StandardEngine - Starting Servlet engine: [Apache Tomcat/10.1.7]
2023-04-11 14:38:57.555 INFO  o.a.c.c.C.[.[.[/] - Initializing Spring embedded WebApplicationContext
2023-04-11 14:38:57.555 INFO  o.s.b.w.s.c.ServletWebServerApplicationContext - Root WebApplicationContext: initialization completed in 1436 ms
2023-04-11 14:38:57.722 INFO  o.h.j.i.u.LogHelper - HHH000204: Processing PersistenceUnitInfo [name: default]
2023-04-11 14:38:57.771 INFO  o.h.Version - HHH000412: Hibernate ORM core version 6.1.7.Final
2023-04-11 14:38:58.053 INFO  c.z.h.HikariDataSource - HikariPool-1 - Starting...
2023-04-11 14:38:58.245 INFO  c.z.h.p.HikariPool - HikariPool-1 - Added connection org.postgresql.jdbc.PgConnection@44ff8b05
2023-04-11 14:38:58.247 INFO  c.z.h.HikariDataSource - HikariPool-1 - Start completed.
2023-04-11 14:38:58.313 INFO  SQL dialect - HHH000400: Using dialect: org.hibernate.dialect.PostgreSQLDialect
2023-04-11 14:38:59.187 WARN  o.h.e.j.s.SqlExceptionHelper - SQL Warning Code: 0, SQLState: 00000
2023-04-11 14:38:59.188 WARN  o.h.e.j.s.SqlExceptionHelper - відношення "products" не існує, пропускаємо
2023-04-11 14:38:59.189 WARN  o.h.e.j.s.SqlExceptionHelper - SQL Warning Code: 0, SQLState: 00000
2023-04-11 14:38:59.189 WARN  o.h.e.j.s.SqlExceptionHelper - таблиця "orders" не існує, пропускається
2023-04-11 14:38:59.190 WARN  o.h.e.j.s.SqlExceptionHelper - SQL Warning Code: 0, SQLState: 00000
2023-04-11 14:38:59.191 WARN  o.h.e.j.s.SqlExceptionHelper - таблиця "products" не існує, пропускається
2023-04-11 14:38:59.397 INFO  o.h.e.t.j.p.i.JtaPlatformInitiator - HHH000490: Using JtaPlatform implementation: [org.hibernate.engine.transaction.jta.platform.internal.NoJtaPlatform]
2023-04-11 14:38:59.407 INFO  o.s.o.j.LocalContainerEntityManagerFactoryBean - Initialized JPA EntityManagerFactory for persistence unit 'default'
2023-04-11 14:38:59.694 WARN  o.s.b.w.s.c.AnnotationConfigServletWebServerApplicationContext - Exception encountered during context initialization - cancelling refresh attempt: org.springframework.beans.factory.BeanCreationException: Error creating bean with name 'orderController': Invocation of init method failed
2023-04-11 14:38:59.695 INFO  o.s.o.j.LocalContainerEntityManagerFactoryBean - Closing JPA EntityManagerFactory for persistence unit 'default'
2023-04-11 14:38:59.696 INFO  o.h.t.s.i.SchemaDropperImpl$DelayedDropActionImpl - HHH000477: Starting delayed evictData of schema as part of SessionFactory shut-down'
2023-04-11 14:38:59.744 INFO  c.z.h.HikariDataSource - HikariPool-1 - Shutdown initiated...
2023-04-11 14:38:59.759 INFO  c.z.h.HikariDataSource - HikariPool-1 - Shutdown completed.
2023-04-11 14:38:59.761 INFO  o.a.c.c.StandardService - Stopping service [Tomcat]
2023-04-11 14:38:59.779 INFO  o.s.b.a.l.ConditionEvaluationReportLogger - 

Error starting ApplicationContext. To display the condition evaluation report re-run your application with 'debug' enabled.
2023-04-11 14:38:59.803 ERROR o.s.b.SpringApplication - Application run failed
org.springframework.beans.factory.BeanCreationException: Error creating bean with name 'orderController': Invocation of init method failed
	at org.springframework.beans.factory.annotation.InitDestroyAnnotationBeanPostProcessor.postProcessBeforeInitialization(InitDestroyAnnotationBeanPostProcessor.java:196)
	at org.springframework.beans.factory.support.AbstractAutowireCapableBeanFactory.applyBeanPostProcessorsBeforeInitialization(AbstractAutowireCapableBeanFactory.java:419)
	at org.springframework.beans.factory.support.AbstractAutowireCapableBeanFactory.initializeBean(AbstractAutowireCapableBeanFactory.java:1762)
	at org.springframework.beans.factory.support.AbstractAutowireCapableBeanFactory.doCreateBean(AbstractAutowireCapableBeanFactory.java:598)
	at org.springframework.beans.factory.support.AbstractAutowireCapableBeanFactory.createBean(AbstractAutowireCapableBeanFactory.java:520)
	at org.springframework.beans.factory.support.AbstractBeanFactory.lambda$doGetBean$0(AbstractBeanFactory.java:326)
	at org.springframework.beans.factory.support.DefaultSingletonBeanRegistry.getSingleton(DefaultSingletonBeanRegistry.java:234)
	at org.springframework.beans.factory.support.AbstractBeanFactory.doGetBean(AbstractBeanFactory.java:324)
	at org.springframework.beans.factory.support.AbstractBeanFactory.getBean(AbstractBeanFactory.java:200)
	at org.springframework.beans.factory.support.DefaultListableBeanFactory.preInstantiateSingletons(DefaultListableBeanFactory.java:973)
	at org.springframework.context.support.AbstractApplicationContext.finishBeanFactoryInitialization(AbstractApplicationContext.java:917)
	at org.springframework.context.support.AbstractApplicationContext.refresh(AbstractApplicationContext.java:584)
	at org.springframework.boot.web.servlet.context.ServletWebServerApplicationContext.refresh(ServletWebServerApplicationContext.java:146)
	at org.springframework.boot.SpringApplication.refresh(SpringApplication.java:732)
	at org.springframework.boot.SpringApplication.refreshContext(SpringApplication.java:434)
	at org.springframework.boot.SpringApplication.run(SpringApplication.java:310)
	at org.springframework.boot.SpringApplication.run(SpringApplication.java:1304)
	at org.springframework.boot.SpringApplication.run(SpringApplication.java:1293)
	at com.example.homework_28_spring_data.Homework28SpringDataApplication.main(Homework28SpringDataApplication.java:10)
	at java.base/jdk.internal.reflect.DirectMethodHandleAccessor.invoke(DirectMethodHandleAccessor.java:104)
	at java.base/java.lang.reflect.Method.invoke(Method.java:577)
	at org.springframework.boot.devtools.restart.RestartLauncher.run(RestartLauncher.java:49)
Caused by: java.lang.IndexOutOfBoundsException: Index 6 out of bounds for length 6
	at java.base/jdk.internal.util.Preconditions.outOfBounds(Preconditions.java:100)
	at java.base/jdk.internal.util.Preconditions.outOfBoundsCheckIndex(Preconditions.java:106)
	at java.base/jdk.internal.util.Preconditions.checkIndex(Preconditions.java:302)
	at java.base/java.util.Objects.checkIndex(Objects.java:359)
	at java.base/java.util.ArrayList.get(ArrayList.java:427)
	at com.example.homework_28_spring_data.controllers.OrderController.initDate(OrderController.java:35)
	at java.base/jdk.internal.reflect.DirectMethodHandleAccessor.invoke(DirectMethodHandleAccessor.java:104)
	at java.base/java.lang.reflect.Method.invoke(Method.java:577)
	at org.springframework.beans.factory.annotation.InitDestroyAnnotationBeanPostProcessor$LifecycleElement.invoke(InitDestroyAnnotationBeanPostProcessor.java:425)
	at org.springframework.beans.factory.annotation.InitDestroyAnnotationBeanPostProcessor$LifecycleMetadata.invokeInitMethods(InitDestroyAnnotationBeanPostProcessor.java:369)
	at org.springframework.beans.factory.annotation.InitDestroyAnnotationBeanPostProcessor.postProcessBeforeInitialization(InitDestroyAnnotationBeanPostProcessor.java:193)
	... 21 common frames omitted
2023-04-11 14:41:48.481 INFO  c.e.h.Homework28SpringDataApplication - Starting Homework28SpringDataApplication using Java 18.0.2 with PID 9040 (D:\JAVA\projekt\spring_data_access_homework\homework_28_spring_data\target\classes started by Admin in D:\JAVA\projekt\spring_data_access_homework\homework_28_spring_data)
2023-04-11 14:41:48.485 INFO  c.e.h.Homework28SpringDataApplication - No active profile set, falling back to 1 default profile: "default"
2023-04-11 14:41:48.569 INFO  o.s.b.d.e.DevToolsPropertyDefaultsPostProcessor - Devtools property defaults active! Set 'spring.devtools.add-properties' to 'false' to disable
2023-04-11 14:41:48.570 INFO  o.s.b.d.e.DevToolsPropertyDefaultsPostProcessor - For additional web related logging consider setting the 'logging.level.web' property to 'DEBUG'
2023-04-11 14:41:49.286 INFO  o.s.d.r.c.RepositoryConfigurationDelegate - Bootstrapping Spring Data JPA repositories in DEFAULT mode.
2023-04-11 14:41:49.350 INFO  o.s.d.r.c.RepositoryConfigurationDelegate - Finished Spring Data repository scanning in 55 ms. Found 2 JPA repository interfaces.
2023-04-11 14:41:49.978 INFO  o.s.b.w.e.t.TomcatWebServer - Tomcat initialized with port(s): 8080 (http)
2023-04-11 14:41:50.001 INFO  o.a.c.c.StandardService - Starting service [Tomcat]
2023-04-11 14:41:50.002 INFO  o.a.c.c.StandardEngine - Starting Servlet engine: [Apache Tomcat/10.1.7]
2023-04-11 14:41:50.082 INFO  o.a.c.c.C.[.[.[/] - Initializing Spring embedded WebApplicationContext
2023-04-11 14:41:50.082 INFO  o.s.b.w.s.c.ServletWebServerApplicationContext - Root WebApplicationContext: initialization completed in 1512 ms
2023-04-11 14:41:50.260 INFO  o.h.j.i.u.LogHelper - HHH000204: Processing PersistenceUnitInfo [name: default]
2023-04-11 14:41:50.306 INFO  o.h.Version - HHH000412: Hibernate ORM core version 6.1.7.Final
2023-04-11 14:41:50.586 INFO  c.z.h.HikariDataSource - HikariPool-1 - Starting...
2023-04-11 14:41:50.786 INFO  c.z.h.p.HikariPool - HikariPool-1 - Added connection org.postgresql.jdbc.PgConnection@7bfa3728
2023-04-11 14:41:50.788 INFO  c.z.h.HikariDataSource - HikariPool-1 - Start completed.
2023-04-11 14:41:50.847 INFO  SQL dialect - HHH000400: Using dialect: org.hibernate.dialect.PostgreSQLDialect
2023-04-11 14:41:51.747 WARN  o.h.e.j.s.SqlExceptionHelper - SQL Warning Code: 0, SQLState: 00000
2023-04-11 14:41:51.747 WARN  o.h.e.j.s.SqlExceptionHelper - відношення "products" не існує, пропускаємо
2023-04-11 14:41:51.748 WARN  o.h.e.j.s.SqlExceptionHelper - SQL Warning Code: 0, SQLState: 00000
2023-04-11 14:41:51.749 WARN  o.h.e.j.s.SqlExceptionHelper - таблиця "orders" не існує, пропускається
2023-04-11 14:41:51.750 WARN  o.h.e.j.s.SqlExceptionHelper - SQL Warning Code: 0, SQLState: 00000
2023-04-11 14:41:51.750 WARN  o.h.e.j.s.SqlExceptionHelper - таблиця "products" не існує, пропускається
2023-04-11 14:41:52.035 INFO  o.h.e.t.j.p.i.JtaPlatformInitiator - HHH000490: Using JtaPlatform implementation: [org.hibernate.engine.transaction.jta.platform.internal.NoJtaPlatform]
2023-04-11 14:41:52.046 INFO  o.s.o.j.LocalContainerEntityManagerFactoryBean - Initialized JPA EntityManagerFactory for persistence unit 'default'
2023-04-11 14:41:52.345 WARN  o.s.b.w.s.c.AnnotationConfigServletWebServerApplicationContext - Exception encountered during context initialization - cancelling refresh attempt: org.springframework.beans.factory.BeanCreationException: Error creating bean with name 'orderController': Invocation of init method failed
2023-04-11 14:41:52.345 INFO  o.s.o.j.LocalContainerEntityManagerFactoryBean - Closing JPA EntityManagerFactory for persistence unit 'default'
2023-04-11 14:41:52.346 INFO  o.h.t.s.i.SchemaDropperImpl$DelayedDropActionImpl - HHH000477: Starting delayed evictData of schema as part of SessionFactory shut-down'
2023-04-11 14:41:52.372 INFO  c.z.h.HikariDataSource - HikariPool-1 - Shutdown initiated...
2023-04-11 14:41:52.394 INFO  c.z.h.HikariDataSource - HikariPool-1 - Shutdown completed.
2023-04-11 14:41:52.397 INFO  o.a.c.c.StandardService - Stopping service [Tomcat]
2023-04-11 14:41:52.418 INFO  o.s.b.a.l.ConditionEvaluationReportLogger - 

Error starting ApplicationContext. To display the condition evaluation report re-run your application with 'debug' enabled.
2023-04-11 14:41:52.439 ERROR o.s.b.SpringApplication - Application run failed
org.springframework.beans.factory.BeanCreationException: Error creating bean with name 'orderController': Invocation of init method failed
	at org.springframework.beans.factory.annotation.InitDestroyAnnotationBeanPostProcessor.postProcessBeforeInitialization(InitDestroyAnnotationBeanPostProcessor.java:196)
	at org.springframework.beans.factory.support.AbstractAutowireCapableBeanFactory.applyBeanPostProcessorsBeforeInitialization(AbstractAutowireCapableBeanFactory.java:419)
	at org.springframework.beans.factory.support.AbstractAutowireCapableBeanFactory.initializeBean(AbstractAutowireCapableBeanFactory.java:1762)
	at org.springframework.beans.factory.support.AbstractAutowireCapableBeanFactory.doCreateBean(AbstractAutowireCapableBeanFactory.java:598)
	at org.springframework.beans.factory.support.AbstractAutowireCapableBeanFactory.createBean(AbstractAutowireCapableBeanFactory.java:520)
	at org.springframework.beans.factory.support.AbstractBeanFactory.lambda$doGetBean$0(AbstractBeanFactory.java:326)
	at org.springframework.beans.factory.support.DefaultSingletonBeanRegistry.getSingleton(DefaultSingletonBeanRegistry.java:234)
	at org.springframework.beans.factory.support.AbstractBeanFactory.doGetBean(AbstractBeanFactory.java:324)
	at org.springframework.beans.factory.support.AbstractBeanFactory.getBean(AbstractBeanFactory.java:200)
	at org.springframework.beans.factory.support.DefaultListableBeanFactory.preInstantiateSingletons(DefaultListableBeanFactory.java:973)
	at org.springframework.context.support.AbstractApplicationContext.finishBeanFactoryInitialization(AbstractApplicationContext.java:917)
	at org.springframework.context.support.AbstractApplicationContext.refresh(AbstractApplicationContext.java:584)
	at org.springframework.boot.web.servlet.context.ServletWebServerApplicationContext.refresh(ServletWebServerApplicationContext.java:146)
	at org.springframework.boot.SpringApplication.refresh(SpringApplication.java:732)
	at org.springframework.boot.SpringApplication.refreshContext(SpringApplication.java:434)
	at org.springframework.boot.SpringApplication.run(SpringApplication.java:310)
	at org.springframework.boot.SpringApplication.run(SpringApplication.java:1304)
	at org.springframework.boot.SpringApplication.run(SpringApplication.java:1293)
	at com.example.homework_28_spring_data.Homework28SpringDataApplication.main(Homework28SpringDataApplication.java:10)
	at java.base/jdk.internal.reflect.DirectMethodHandleAccessor.invoke(DirectMethodHandleAccessor.java:104)
	at java.base/java.lang.reflect.Method.invoke(Method.java:577)
	at org.springframework.boot.devtools.restart.RestartLauncher.run(RestartLauncher.java:49)
Caused by: java.lang.IndexOutOfBoundsException: Index 6 out of bounds for length 6
	at java.base/jdk.internal.util.Preconditions.outOfBounds(Preconditions.java:100)
	at java.base/jdk.internal.util.Preconditions.outOfBoundsCheckIndex(Preconditions.java:106)
	at java.base/jdk.internal.util.Preconditions.checkIndex(Preconditions.java:302)
	at java.base/java.util.Objects.checkIndex(Objects.java:359)
	at java.base/java.util.ArrayList.get(ArrayList.java:427)
	at com.example.homework_28_spring_data.controllers.OrderController.initDate(OrderController.java:32)
	at java.base/jdk.internal.reflect.DirectMethodHandleAccessor.invoke(DirectMethodHandleAccessor.java:104)
	at java.base/java.lang.reflect.Method.invoke(Method.java:577)
	at org.springframework.beans.factory.annotation.InitDestroyAnnotationBeanPostProcessor$LifecycleElement.invoke(InitDestroyAnnotationBeanPostProcessor.java:425)
	at org.springframework.beans.factory.annotation.InitDestroyAnnotationBeanPostProcessor$LifecycleMetadata.invokeInitMethods(InitDestroyAnnotationBeanPostProcessor.java:369)
	at org.springframework.beans.factory.annotation.InitDestroyAnnotationBeanPostProcessor.postProcessBeforeInitialization(InitDestroyAnnotationBeanPostProcessor.java:193)
	... 21 common frames omitted
2023-04-11 14:42:51.646 INFO  c.e.h.Homework28SpringDataApplication - Starting Homework28SpringDataApplication using Java 18.0.2 with PID 7068 (D:\JAVA\projekt\spring_data_access_homework\homework_28_spring_data\target\classes started by Admin in D:\JAVA\projekt\spring_data_access_homework\homework_28_spring_data)
2023-04-11 14:42:51.648 INFO  c.e.h.Homework28SpringDataApplication - No active profile set, falling back to 1 default profile: "default"
2023-04-11 14:42:51.709 INFO  o.s.b.d.e.DevToolsPropertyDefaultsPostProcessor - Devtools property defaults active! Set 'spring.devtools.add-properties' to 'false' to disable
2023-04-11 14:42:51.710 INFO  o.s.b.d.e.DevToolsPropertyDefaultsPostProcessor - For additional web related logging consider setting the 'logging.level.web' property to 'DEBUG'
2023-04-11 14:42:52.389 INFO  o.s.d.r.c.RepositoryConfigurationDelegate - Bootstrapping Spring Data JPA repositories in DEFAULT mode.
2023-04-11 14:42:52.450 INFO  o.s.d.r.c.RepositoryConfigurationDelegate - Finished Spring Data repository scanning in 53 ms. Found 2 JPA repository interfaces.
2023-04-11 14:42:53.127 INFO  o.s.b.w.e.t.TomcatWebServer - Tomcat initialized with port(s): 8080 (http)
2023-04-11 14:42:53.142 INFO  o.a.c.c.StandardService - Starting service [Tomcat]
2023-04-11 14:42:53.142 INFO  o.a.c.c.StandardEngine - Starting Servlet engine: [Apache Tomcat/10.1.7]
2023-04-11 14:42:53.215 INFO  o.a.c.c.C.[.[.[/] - Initializing Spring embedded WebApplicationContext
2023-04-11 14:42:53.216 INFO  o.s.b.w.s.c.ServletWebServerApplicationContext - Root WebApplicationContext: initialization completed in 1505 ms
2023-04-11 14:42:53.397 INFO  o.h.j.i.u.LogHelper - HHH000204: Processing PersistenceUnitInfo [name: default]
2023-04-11 14:42:53.448 INFO  o.h.Version - HHH000412: Hibernate ORM core version 6.1.7.Final
2023-04-11 14:42:53.740 INFO  c.z.h.HikariDataSource - HikariPool-1 - Starting...
2023-04-11 14:42:53.943 INFO  c.z.h.p.HikariPool - HikariPool-1 - Added connection org.postgresql.jdbc.PgConnection@4d2408cd
2023-04-11 14:42:53.946 INFO  c.z.h.HikariDataSource - HikariPool-1 - Start completed.
2023-04-11 14:42:53.998 INFO  SQL dialect - HHH000400: Using dialect: org.hibernate.dialect.PostgreSQLDialect
2023-04-11 14:42:54.931 WARN  o.h.e.j.s.SqlExceptionHelper - SQL Warning Code: 0, SQLState: 00000
2023-04-11 14:42:54.931 WARN  o.h.e.j.s.SqlExceptionHelper - відношення "products" не існує, пропускаємо
2023-04-11 14:42:54.932 WARN  o.h.e.j.s.SqlExceptionHelper - SQL Warning Code: 0, SQLState: 00000
2023-04-11 14:42:54.932 WARN  o.h.e.j.s.SqlExceptionHelper - таблиця "orders" не існує, пропускається
2023-04-11 14:42:54.933 WARN  o.h.e.j.s.SqlExceptionHelper - SQL Warning Code: 0, SQLState: 00000
2023-04-11 14:42:54.934 WARN  o.h.e.j.s.SqlExceptionHelper - таблиця "products" не існує, пропускається
2023-04-11 14:42:55.693 INFO  o.h.e.t.j.p.i.JtaPlatformInitiator - HHH000490: Using JtaPlatform implementation: [org.hibernate.engine.transaction.jta.platform.internal.NoJtaPlatform]
2023-04-11 14:42:55.710 INFO  o.s.o.j.LocalContainerEntityManagerFactoryBean - Initialized JPA EntityManagerFactory for persistence unit 'default'
2023-04-11 14:42:56.727 WARN  o.s.b.a.o.j.JpaBaseConfiguration$JpaWebConfiguration - spring.jpa.open-in-view is enabled by default. Therefore, database queries may be performed during view rendering. Explicitly configure spring.jpa.open-in-view to disable this warning
2023-04-11 14:42:57.250 INFO  o.s.b.d.a.OptionalLiveReloadServer - LiveReload server is running on port 35729
2023-04-11 14:42:57.320 INFO  o.s.b.w.e.t.TomcatWebServer - Tomcat started on port(s): 8080 (http) with context path ''
2023-04-11 14:42:57.333 INFO  c.e.h.Homework28SpringDataApplication - Started Homework28SpringDataApplication in 6.463 seconds (process running for 7.525)
2023-04-11 14:44:03.859 INFO  o.a.c.c.C.[.[.[/] - Initializing Spring DispatcherServlet 'dispatcherServlet'
2023-04-11 14:44:03.860 INFO  o.s.w.s.DispatcherServlet - Initializing Servlet 'dispatcherServlet'
2023-04-11 14:44:03.861 INFO  o.s.w.s.DispatcherServlet - Completed initialization in 1 ms
2023-04-11 14:44:16.947 WARN  o.s.w.s.m.s.DefaultHandlerExceptionResolver - Resolved [org.springframework.web.HttpRequestMethodNotSupportedException: Request method 'GET' is not supported]
2023-04-11 14:44:33.998 WARN  o.s.w.s.m.s.DefaultHandlerExceptionResolver - Resolved [org.springframework.web.HttpRequestMethodNotSupportedException: Request method 'GET' is not supported]
2023-04-11 14:49:43.832 WARN  o.s.w.s.m.s.DefaultHandlerExceptionResolver - Resolved [org.springframework.web.HttpRequestMethodNotSupportedException: Request method 'GET' is not supported]
2023-04-11 14:53:49.559 INFO  c.e.h.Homework28SpringDataApplication - Starting Homework28SpringDataApplication using Java 18.0.2 with PID 1268 (D:\JAVA\projekt\spring_data_access_homework\homework_28_spring_data\target\classes started by Admin in D:\JAVA\projekt\spring_data_access_homework\homework_28_spring_data)
2023-04-11 14:53:49.563 INFO  c.e.h.Homework28SpringDataApplication - No active profile set, falling back to 1 default profile: "default"
2023-04-11 14:53:49.650 INFO  o.s.b.d.e.DevToolsPropertyDefaultsPostProcessor - Devtools property defaults active! Set 'spring.devtools.add-properties' to 'false' to disable
2023-04-11 14:53:49.651 INFO  o.s.b.d.e.DevToolsPropertyDefaultsPostProcessor - For additional web related logging consider setting the 'logging.level.web' property to 'DEBUG'
2023-04-11 14:53:50.446 INFO  o.s.d.r.c.RepositoryConfigurationDelegate - Bootstrapping Spring Data JPA repositories in DEFAULT mode.
2023-04-11 14:53:50.505 INFO  o.s.d.r.c.RepositoryConfigurationDelegate - Finished Spring Data repository scanning in 51 ms. Found 2 JPA repository interfaces.
2023-04-11 14:53:51.126 INFO  o.s.b.w.e.t.TomcatWebServer - Tomcat initialized with port(s): 8080 (http)
2023-04-11 14:53:51.138 INFO  o.a.c.c.StandardService - Starting service [Tomcat]
2023-04-11 14:53:51.138 INFO  o.a.c.c.StandardEngine - Starting Servlet engine: [Apache Tomcat/10.1.7]
2023-04-11 14:53:51.203 INFO  o.a.c.c.C.[.[.[/] - Initializing Spring embedded WebApplicationContext
2023-04-11 14:53:51.204 INFO  o.s.b.w.s.c.ServletWebServerApplicationContext - Root WebApplicationContext: initialization completed in 1552 ms
2023-04-11 14:53:51.370 INFO  o.h.j.i.u.LogHelper - HHH000204: Processing PersistenceUnitInfo [name: default]
2023-04-11 14:53:51.417 INFO  o.h.Version - HHH000412: Hibernate ORM core version 6.1.7.Final
2023-04-11 14:53:51.704 INFO  c.z.h.HikariDataSource - HikariPool-1 - Starting...
2023-04-11 14:53:51.890 INFO  c.z.h.p.HikariPool - HikariPool-1 - Added connection org.postgresql.jdbc.PgConnection@6c486923
2023-04-11 14:53:51.892 INFO  c.z.h.HikariDataSource - HikariPool-1 - Start completed.
2023-04-11 14:53:51.949 INFO  SQL dialect - HHH000400: Using dialect: org.hibernate.dialect.PostgreSQLDialect
2023-04-11 14:53:53.057 INFO  o.h.e.t.j.p.i.JtaPlatformInitiator - HHH000490: Using JtaPlatform implementation: [org.hibernate.engine.transaction.jta.platform.internal.NoJtaPlatform]
2023-04-11 14:53:53.067 INFO  o.s.o.j.LocalContainerEntityManagerFactoryBean - Initialized JPA EntityManagerFactory for persistence unit 'default'
2023-04-11 14:53:53.527 WARN  o.s.b.a.o.j.JpaBaseConfiguration$JpaWebConfiguration - spring.jpa.open-in-view is enabled by default. Therefore, database queries may be performed during view rendering. Explicitly configure spring.jpa.open-in-view to disable this warning
2023-04-11 14:53:53.911 INFO  o.s.b.d.a.OptionalLiveReloadServer - LiveReload server is running on port 35729
2023-04-11 14:53:53.955 INFO  o.s.b.w.e.t.TomcatWebServer - Tomcat started on port(s): 8080 (http) with context path ''
2023-04-11 14:53:53.967 INFO  c.e.h.Homework28SpringDataApplication - Started Homework28SpringDataApplication in 5.214 seconds (process running for 6.271)
2023-04-11 14:53:59.947 INFO  o.a.c.c.C.[.[.[/] - Initializing Spring DispatcherServlet 'dispatcherServlet'
2023-04-11 14:53:59.947 INFO  o.s.w.s.DispatcherServlet - Initializing Servlet 'dispatcherServlet'
2023-04-11 14:53:59.949 INFO  o.s.w.s.DispatcherServlet - Completed initialization in 1 ms
2023-04-11 16:30:54.228 INFO  c.e.h.Homework28SpringDataApplication - Starting Homework28SpringDataApplication using Java 18.0.2 with PID 5964 (D:\JAVA\projekt\spring_data_access_homework\homework_28_spring_data\target\classes started by Admin in D:\JAVA\projekt\spring_data_access_homework\homework_28_spring_data)
2023-04-11 16:30:54.232 INFO  c.e.h.Homework28SpringDataApplication - No active profile set, falling back to 1 default profile: "default"
2023-04-11 16:30:54.312 INFO  o.s.b.d.e.DevToolsPropertyDefaultsPostProcessor - Devtools property defaults active! Set 'spring.devtools.add-properties' to 'false' to disable
2023-04-11 16:30:54.312 INFO  o.s.b.d.e.DevToolsPropertyDefaultsPostProcessor - For additional web related logging consider setting the 'logging.level.web' property to 'DEBUG'
2023-04-11 16:30:55.006 INFO  o.s.d.r.c.RepositoryConfigurationDelegate - Bootstrapping Spring Data JPA repositories in DEFAULT mode.
2023-04-11 16:30:55.062 INFO  o.s.d.r.c.RepositoryConfigurationDelegate - Finished Spring Data repository scanning in 48 ms. Found 2 JPA repository interfaces.
2023-04-11 16:30:55.728 INFO  o.s.b.w.e.t.TomcatWebServer - Tomcat initialized with port(s): 8080 (http)
2023-04-11 16:30:55.739 INFO  o.a.c.c.StandardService - Starting service [Tomcat]
2023-04-11 16:30:55.740 INFO  o.a.c.c.StandardEngine - Starting Servlet engine: [Apache Tomcat/10.1.7]
2023-04-11 16:30:55.807 INFO  o.a.c.c.C.[.[.[/] - Initializing Spring embedded WebApplicationContext
2023-04-11 16:30:55.807 INFO  o.s.b.w.s.c.ServletWebServerApplicationContext - Root WebApplicationContext: initialization completed in 1494 ms
2023-04-11 16:30:55.982 INFO  o.h.j.i.u.LogHelper - HHH000204: Processing PersistenceUnitInfo [name: default]
2023-04-11 16:30:56.031 INFO  o.h.Version - HHH000412: Hibernate ORM core version 6.1.7.Final
2023-04-11 16:30:56.322 INFO  c.z.h.HikariDataSource - HikariPool-1 - Starting...
2023-04-11 16:30:56.516 INFO  c.z.h.p.HikariPool - HikariPool-1 - Added connection org.postgresql.jdbc.PgConnection@65b56113
2023-04-11 16:30:56.518 INFO  c.z.h.HikariDataSource - HikariPool-1 - Start completed.
2023-04-11 16:30:56.575 INFO  SQL dialect - HHH000400: Using dialect: org.hibernate.dialect.PostgreSQLDialect
2023-04-11 16:30:58.114 INFO  o.h.e.t.j.p.i.JtaPlatformInitiator - HHH000490: Using JtaPlatform implementation: [org.hibernate.engine.transaction.jta.platform.internal.NoJtaPlatform]
2023-04-11 16:30:58.124 INFO  o.s.o.j.LocalContainerEntityManagerFactoryBean - Initialized JPA EntityManagerFactory for persistence unit 'default'
2023-04-11 16:30:58.574 WARN  o.s.b.a.o.j.JpaBaseConfiguration$JpaWebConfiguration - spring.jpa.open-in-view is enabled by default. Therefore, database queries may be performed during view rendering. Explicitly configure spring.jpa.open-in-view to disable this warning
2023-04-11 16:30:58.962 INFO  o.s.b.d.a.OptionalLiveReloadServer - LiveReload server is running on port 35729
2023-04-11 16:30:59.006 INFO  o.s.b.w.e.t.TomcatWebServer - Tomcat started on port(s): 8080 (http) with context path ''
2023-04-11 16:30:59.018 INFO  c.e.h.Homework28SpringDataApplication - Started Homework28SpringDataApplication in 5.605 seconds (process running for 6.622)
2023-04-11 16:31:04.823 INFO  o.a.c.c.C.[.[.[/] - Initializing Spring DispatcherServlet 'dispatcherServlet'
2023-04-11 16:31:04.824 INFO  o.s.w.s.DispatcherServlet - Initializing Servlet 'dispatcherServlet'
2023-04-11 16:31:04.826 INFO  o.s.w.s.DispatcherServlet - Completed initialization in 2 ms
2023-04-11 16:31:27.767 WARN  o.s.w.s.m.s.DefaultHandlerExceptionResolver - Resolved [org.springframework.web.HttpRequestMethodNotSupportedException: Request method 'GET' is not supported]
2023-04-11 16:49:45.813 INFO  c.e.h.Homework28SpringDataApplication - Starting Homework28SpringDataApplication using Java 18.0.2 with PID 4092 (D:\JAVA\projekt\spring_data_access_homework\homework_28_spring_data\target\classes started by Admin in D:\JAVA\projekt\spring_data_access_homework\homework_28_spring_data)
2023-04-11 16:49:45.816 INFO  c.e.h.Homework28SpringDataApplication - No active profile set, falling back to 1 default profile: "default"
2023-04-11 16:49:45.909 INFO  o.s.b.d.e.DevToolsPropertyDefaultsPostProcessor - Devtools property defaults active! Set 'spring.devtools.add-properties' to 'false' to disable
2023-04-11 16:49:45.910 INFO  o.s.b.d.e.DevToolsPropertyDefaultsPostProcessor - For additional web related logging consider setting the 'logging.level.web' property to 'DEBUG'
2023-04-11 16:49:46.624 INFO  o.s.d.r.c.RepositoryConfigurationDelegate - Bootstrapping Spring Data JPA repositories in DEFAULT mode.
2023-04-11 16:49:46.685 INFO  o.s.d.r.c.RepositoryConfigurationDelegate - Finished Spring Data repository scanning in 53 ms. Found 2 JPA repository interfaces.
2023-04-11 16:49:47.326 INFO  o.s.b.w.e.t.TomcatWebServer - Tomcat initialized with port(s): 8080 (http)
2023-04-11 16:49:47.337 INFO  o.a.c.c.StandardService - Starting service [Tomcat]
2023-04-11 16:49:47.338 INFO  o.a.c.c.StandardEngine - Starting Servlet engine: [Apache Tomcat/10.1.7]
2023-04-11 16:49:47.407 INFO  o.a.c.c.C.[.[.[/] - Initializing Spring embedded WebApplicationContext
2023-04-11 16:49:47.407 INFO  o.s.b.w.s.c.ServletWebServerApplicationContext - Root WebApplicationContext: initialization completed in 1496 ms
2023-04-11 16:49:47.583 INFO  o.h.j.i.u.LogHelper - HHH000204: Processing PersistenceUnitInfo [name: default]
2023-04-11 16:49:47.631 INFO  o.h.Version - HHH000412: Hibernate ORM core version 6.1.7.Final
2023-04-11 16:49:47.916 INFO  c.z.h.HikariDataSource - HikariPool-1 - Starting...
2023-04-11 16:49:48.109 INFO  c.z.h.p.HikariPool - HikariPool-1 - Added connection org.postgresql.jdbc.PgConnection@6172ffd5
2023-04-11 16:49:48.111 INFO  c.z.h.HikariDataSource - HikariPool-1 - Start completed.
2023-04-11 16:49:48.169 INFO  SQL dialect - HHH000400: Using dialect: org.hibernate.dialect.PostgreSQLDialect
2023-04-11 16:49:49.327 INFO  o.h.e.t.j.p.i.JtaPlatformInitiator - HHH000490: Using JtaPlatform implementation: [org.hibernate.engine.transaction.jta.platform.internal.NoJtaPlatform]
2023-04-11 16:49:49.336 INFO  o.s.o.j.LocalContainerEntityManagerFactoryBean - Initialized JPA EntityManagerFactory for persistence unit 'default'
2023-04-11 16:49:49.834 WARN  o.s.b.a.o.j.JpaBaseConfiguration$JpaWebConfiguration - spring.jpa.open-in-view is enabled by default. Therefore, database queries may be performed during view rendering. Explicitly configure spring.jpa.open-in-view to disable this warning
2023-04-11 16:49:50.228 INFO  o.s.b.d.a.OptionalLiveReloadServer - LiveReload server is running on port 35729
2023-04-11 16:49:50.272 INFO  o.s.b.w.e.t.TomcatWebServer - Tomcat started on port(s): 8080 (http) with context path ''
2023-04-11 16:49:50.284 INFO  c.e.h.Homework28SpringDataApplication - Started Homework28SpringDataApplication in 5.296 seconds (process running for 6.338)
2023-04-11 16:49:55.816 INFO  o.a.c.c.C.[.[.[/] - Initializing Spring DispatcherServlet 'dispatcherServlet'
2023-04-11 16:49:55.816 INFO  o.s.w.s.DispatcherServlet - Initializing Servlet 'dispatcherServlet'
2023-04-11 16:49:55.818 INFO  o.s.w.s.DispatcherServlet - Completed initialization in 2 ms
2023-04-11 16:51:36.793 INFO  c.e.h.Homework28SpringDataApplication - Starting Homework28SpringDataApplication using Java 18.0.2 with PID 5936 (D:\JAVA\projekt\spring_data_access_homework\homework_28_spring_data\target\classes started by Admin in D:\JAVA\projekt\spring_data_access_homework\homework_28_spring_data)
2023-04-11 16:51:36.795 INFO  c.e.h.Homework28SpringDataApplication - No active profile set, falling back to 1 default profile: "default"
2023-04-11 16:51:36.853 INFO  o.s.b.d.e.DevToolsPropertyDefaultsPostProcessor - Devtools property defaults active! Set 'spring.devtools.add-properties' to 'false' to disable
2023-04-11 16:51:36.853 INFO  o.s.b.d.e.DevToolsPropertyDefaultsPostProcessor - For additional web related logging consider setting the 'logging.level.web' property to 'DEBUG'
2023-04-11 16:51:37.579 INFO  o.s.d.r.c.RepositoryConfigurationDelegate - Bootstrapping Spring Data JPA repositories in DEFAULT mode.
2023-04-11 16:51:37.636 INFO  o.s.d.r.c.RepositoryConfigurationDelegate - Finished Spring Data repository scanning in 49 ms. Found 2 JPA repository interfaces.
2023-04-11 16:51:38.272 INFO  o.s.b.w.e.t.TomcatWebServer - Tomcat initialized with port(s): 8080 (http)
2023-04-11 16:51:38.284 INFO  o.a.c.c.StandardService - Starting service [Tomcat]
2023-04-11 16:51:38.284 INFO  o.a.c.c.StandardEngine - Starting Servlet engine: [Apache Tomcat/10.1.7]
2023-04-11 16:51:38.349 INFO  o.a.c.c.C.[.[.[/] - Initializing Spring embedded WebApplicationContext
2023-04-11 16:51:38.350 INFO  o.s.b.w.s.c.ServletWebServerApplicationContext - Root WebApplicationContext: initialization completed in 1495 ms
2023-04-11 16:51:38.520 INFO  o.h.j.i.u.LogHelper - HHH000204: Processing PersistenceUnitInfo [name: default]
2023-04-11 16:51:38.567 INFO  o.h.Version - HHH000412: Hibernate ORM core version 6.1.7.Final
2023-04-11 16:51:38.841 INFO  c.z.h.HikariDataSource - HikariPool-1 - Starting...
2023-04-11 16:51:39.028 INFO  c.z.h.p.HikariPool - HikariPool-1 - Added connection org.postgresql.jdbc.PgConnection@4b9bc7a4
2023-04-11 16:51:39.030 INFO  c.z.h.HikariDataSource - HikariPool-1 - Start completed.
2023-04-11 16:51:39.086 INFO  SQL dialect - HHH000400: Using dialect: org.hibernate.dialect.PostgreSQLDialect
2023-04-11 16:51:40.121 INFO  o.h.e.t.j.p.i.JtaPlatformInitiator - HHH000490: Using JtaPlatform implementation: [org.hibernate.engine.transaction.jta.platform.internal.NoJtaPlatform]
2023-04-11 16:51:40.131 INFO  o.s.o.j.LocalContainerEntityManagerFactoryBean - Initialized JPA EntityManagerFactory for persistence unit 'default'
2023-04-11 16:51:40.595 WARN  o.s.b.a.o.j.JpaBaseConfiguration$JpaWebConfiguration - spring.jpa.open-in-view is enabled by default. Therefore, database queries may be performed during view rendering. Explicitly configure spring.jpa.open-in-view to disable this warning
2023-04-11 16:51:41.002 INFO  o.s.b.d.a.OptionalLiveReloadServer - LiveReload server is running on port 35729
2023-04-11 16:51:41.045 INFO  o.s.b.w.e.t.TomcatWebServer - Tomcat started on port(s): 8080 (http) with context path ''
2023-04-11 16:51:41.057 INFO  c.e.h.Homework28SpringDataApplication - Started Homework28SpringDataApplication in 4.908 seconds (process running for 5.916)
2023-04-11 16:52:21.414 INFO  c.e.h.Homework28SpringDataApplication - Starting Homework28SpringDataApplication using Java 18.0.2 with PID 7400 (D:\JAVA\projekt\spring_data_access_homework\homework_28_spring_data\target\classes started by Admin in D:\JAVA\projekt\spring_data_access_homework\homework_28_spring_data)
2023-04-11 16:52:21.416 INFO  c.e.h.Homework28SpringDataApplication - No active profile set, falling back to 1 default profile: "default"
2023-04-11 16:52:21.480 INFO  o.s.b.d.e.DevToolsPropertyDefaultsPostProcessor - Devtools property defaults active! Set 'spring.devtools.add-properties' to 'false' to disable
2023-04-11 16:52:21.480 INFO  o.s.b.d.e.DevToolsPropertyDefaultsPostProcessor - For additional web related logging consider setting the 'logging.level.web' property to 'DEBUG'
2023-04-11 16:52:22.172 INFO  o.s.d.r.c.RepositoryConfigurationDelegate - Bootstrapping Spring Data JPA repositories in DEFAULT mode.
2023-04-11 16:52:22.233 INFO  o.s.d.r.c.RepositoryConfigurationDelegate - Finished Spring Data repository scanning in 52 ms. Found 2 JPA repository interfaces.
2023-04-11 16:52:22.860 INFO  o.s.b.w.e.t.TomcatWebServer - Tomcat initialized with port(s): 8080 (http)
2023-04-11 16:52:22.871 INFO  o.a.c.c.StandardService - Starting service [Tomcat]
2023-04-11 16:52:22.872 INFO  o.a.c.c.StandardEngine - Starting Servlet engine: [Apache Tomcat/10.1.7]
2023-04-11 16:52:22.934 INFO  o.a.c.c.C.[.[.[/] - Initializing Spring embedded WebApplicationContext
2023-04-11 16:52:22.935 INFO  o.s.b.w.s.c.ServletWebServerApplicationContext - Root WebApplicationContext: initialization completed in 1453 ms
2023-04-11 16:52:23.105 INFO  o.h.j.i.u.LogHelper - HHH000204: Processing PersistenceUnitInfo [name: default]
2023-04-11 16:52:23.152 INFO  o.h.Version - HHH000412: Hibernate ORM core version 6.1.7.Final
2023-04-11 16:52:23.459 INFO  c.z.h.HikariDataSource - HikariPool-1 - Starting...
2023-04-11 16:52:23.655 INFO  c.z.h.p.HikariPool - HikariPool-1 - Added connection org.postgresql.jdbc.PgConnection@65b56113
2023-04-11 16:52:23.657 INFO  c.z.h.HikariDataSource - HikariPool-1 - Start completed.
2023-04-11 16:52:23.717 INFO  SQL dialect - HHH000400: Using dialect: org.hibernate.dialect.PostgreSQLDialect
2023-04-11 16:52:25.303 INFO  o.h.e.t.j.p.i.JtaPlatformInitiator - HHH000490: Using JtaPlatform implementation: [org.hibernate.engine.transaction.jta.platform.internal.NoJtaPlatform]
2023-04-11 16:52:25.312 INFO  o.s.o.j.LocalContainerEntityManagerFactoryBean - Initialized JPA EntityManagerFactory for persistence unit 'default'
2023-04-11 16:52:25.846 WARN  o.s.b.a.o.j.JpaBaseConfiguration$JpaWebConfiguration - spring.jpa.open-in-view is enabled by default. Therefore, database queries may be performed during view rendering. Explicitly configure spring.jpa.open-in-view to disable this warning
2023-04-11 16:52:26.259 INFO  o.s.b.d.a.OptionalLiveReloadServer - LiveReload server is running on port 35729
2023-04-11 16:52:26.301 INFO  o.s.b.w.e.t.TomcatWebServer - Tomcat started on port(s): 8080 (http) with context path ''
2023-04-11 16:52:26.314 INFO  c.e.h.Homework28SpringDataApplication - Started Homework28SpringDataApplication in 5.565 seconds (process running for 6.609)
2023-04-11 16:52:31.385 INFO  o.a.c.c.C.[.[.[/] - Initializing Spring DispatcherServlet 'dispatcherServlet'
2023-04-11 16:52:31.385 INFO  o.s.w.s.DispatcherServlet - Initializing Servlet 'dispatcherServlet'
2023-04-11 16:52:31.387 INFO  o.s.w.s.DispatcherServlet - Completed initialization in 2 ms
